2025-09-22 15:45:42,916 INFO o.a.j.u.JMeterUtils: Setting Locale to en_EN
2025-09-22 15:45:42,935 INFO o.a.j.JMeter: Loading user properties from: /usr/local/Cellar/jmeter/5.6.3/libexec/bin/user.properties
2025-09-22 15:45:42,935 INFO o.a.j.JMeter: Loading system properties from: /usr/local/Cellar/jmeter/5.6.3/libexec/bin/system.properties
2025-09-22 15:45:42,939 INFO o.a.j.JMeter: Copyright (c) 1998-2024 The Apache Software Foundation
2025-09-22 15:45:42,939 INFO o.a.j.JMeter: Version 5.6.3
2025-09-22 15:45:42,939 INFO o.a.j.JMeter: java.version=21.0.8
2025-09-22 15:45:42,939 INFO o.a.j.JMeter: java.vm.name=OpenJDK 64-Bit Server VM
2025-09-22 15:45:42,939 INFO o.a.j.JMeter: os.name=Mac OS X
2025-09-22 15:45:42,939 INFO o.a.j.JMeter: os.arch=x86_64
2025-09-22 15:45:42,939 INFO o.a.j.JMeter: os.version=15.7
2025-09-22 15:45:42,939 INFO o.a.j.JMeter: file.encoding=UTF-8
2025-09-22 15:45:42,939 INFO o.a.j.JMeter: java.awt.headless=null
2025-09-22 15:45:42,939 INFO o.a.j.JMeter: Max memory     =1073741824
2025-09-22 15:45:42,939 INFO o.a.j.JMeter: Available Processors =16
2025-09-22 15:45:42,946 INFO o.a.j.JMeter: Default Locale=English (EN)
2025-09-22 15:45:42,947 INFO o.a.j.JMeter: JMeter  Locale=English (EN)
2025-09-22 15:45:42,947 INFO o.a.j.JMeter: JMeterHome=/usr/local/Cellar/jmeter/5.6.3/libexec
2025-09-22 15:45:42,947 INFO o.a.j.JMeter: user.dir  =/Users/nursensever/Desktop/Projects/insider-cypress-tests
2025-09-22 15:45:42,947 INFO o.a.j.JMeter: PWD       =/Users/nursensever/Desktop/Projects/insider-cypress-tests
2025-09-22 15:45:42,952 INFO o.a.j.JMeter: IP: 192.168.0.244 Name: MacBookPro.lan FullName: macbookpro.lan
2025-09-22 15:45:42,961 INFO o.a.j.JMeter: Loaded icon properties from org/apache/jmeter/images/icon.properties
2025-09-22 15:45:44,315 INFO o.a.j.JMeterGuiLauncher: Setting LAF to: com.github.weisj.darklaf.DarkLaf:com.github.weisj.darklaf.theme.DarculaTheme
2025-09-22 15:45:45,845 INFO o.a.j.r.ClassFinder: Will scan jar /usr/local/Cellar/jmeter/5.6.3/libexec/lib/ext/jmeter-plugins-manager-1.9.jar with filter ExtendsClassFilter [parents=[interface org.apache.jmeter.gui.action.Command], inner=false, contains=null, notContains=null]. Consider exposing JMeter plugins via META-INF/services, and add JMeter-Skip-Class-Scanning=true manifest attribute so JMeter can skip classfile scanning
2025-09-22 15:45:45,940 INFO o.a.j.r.ClassFinder: Will scan jar /usr/local/Cellar/jmeter/5.6.3/libexec/lib/ext/jmeter-plugins-manager-1.9.jar with filter ExtendsClassFilter [parents=[interface org.apache.jmeter.gui.plugin.MenuCreator], inner=false, contains=null, notContains=null]. Consider exposing JMeter plugins via META-INF/services, and add JMeter-Skip-Class-Scanning=true manifest attribute so JMeter can skip classfile scanning
2025-09-22 15:45:46,050 INFO o.j.r.JARSourceHTTP: Requesting https://jmeter-plugins.org/repo/?installID=mac_os_x-d7a6452d959a9ce42a58138e2c94b575-gui
2025-09-22 15:45:47,847 INFO o.j.r.PluginManager: Plugins Status: [jpgc-plugins-manager=1.9, jmeter-core=5.6.3, jmeter-ftp=5.6.3, jmeter-http=5.6.3, jmeter-jdbc=5.6.3, jmeter-jms=5.6.3, jmeter-junit=5.6.3, jmeter-java=5.6.3, jmeter-ldap=5.6.3, jmeter-mail=5.6.3, jmeter-mongodb=5.6.3, jmeter-native=5.6.3, jmeter-tcp=5.6.3, jmeter-components=5.6.3]
2025-09-22 15:45:47,847 INFO o.j.r.PluginManagerMenuItem: Plugins Manager has upgrades: [jpgc-plugins-manager]
2025-09-22 21:58:38,017 INFO o.a.j.p.h.c.CookieManager: Settings: Delete null: true Check: true Allow variable: true Save: false Prefix: COOKIE_
2025-09-22 22:28:16,409 INFO o.a.j.p.h.s.HTTPSamplerBase: Parser for text/html is org.apache.jmeter.protocol.http.parser.LagartoBasedHtmlParser
2025-09-22 22:28:16,409 INFO o.a.j.p.h.s.HTTPSamplerBase: Parser for application/xhtml+xml is org.apache.jmeter.protocol.http.parser.LagartoBasedHtmlParser
2025-09-22 22:28:16,409 INFO o.a.j.p.h.s.HTTPSamplerBase: Parser for application/xml is org.apache.jmeter.protocol.http.parser.LagartoBasedHtmlParser
2025-09-22 22:28:16,409 INFO o.a.j.p.h.s.HTTPSamplerBase: Parser for text/xml is org.apache.jmeter.protocol.http.parser.LagartoBasedHtmlParser
2025-09-22 22:28:16,410 INFO o.a.j.p.h.s.HTTPSamplerBase: Parser for text/vnd.wap.wml is org.apache.jmeter.protocol.http.parser.RegexpHTMLParser
2025-09-22 22:28:16,410 INFO o.a.j.p.h.s.HTTPSamplerBase: Parser for text/css is org.apache.jmeter.protocol.http.parser.CssParser
